23:20:24.119 [TestNG-tests-1] DEBUG io.netty.util.internal.PlatformDependent0 - java.nio.DirectByteBuffer.<init>(long, int): unavailable
23:20:24.140 [TestNG-tests-1] DEBUG io.netty.util.internal.PlatformDependent - sun.misc.Unsafe: available
23:20:24.141 [TestNG-tests-1] DEBUG io.netty.util.internal.PlatformDependent - maxDirectMemory: 6396313600 bytes (maybe)
23:20:24.141 [TestNG-tests-1] DEBUG io.netty.util.internal.PlatformDependent - -Dio.netty.tmpdir: C:\Users\SWD\AppData\Local\Temp (java.io.tmpdir)
23:20:24.142 [TestNG-tests-1] DEBUG io.netty.util.internal.PlatformDependent - -Dio.netty.bitMode: 64 (sun.arch.data.model)
23:20:24.144 [TestNG-tests-1] DEBUG io.netty.util.internal.PlatformDependent - -Dio.netty.maxDirectMemory: -1 bytes
23:20:24.144 [TestNG-tests-1] DEBUG io.netty.util.internal.PlatformDependent - -Dio.netty.uninitializedArrayAllocationThreshold: -1
23:20:24.147 [TestNG-tests-1] DEBUG io.netty.util.internal.CleanerJava9 - java.nio.ByteBuffer.cleaner(): available
23:20:24.147 [TestNG-tests-1] DEBUG io.netty.util.internal.PlatformDependent - -Dio.netty.noPreferDirect: false
23:20:24.174 [TestNG-tests-1] DEBUG io.netty.util.internal.PlatformDependent - org.jctools-core.MpscChunkedArrayQueue: available
23:20:24.227 [TestNG-tests-1] DEBUG io.netty.util.internal.InternalThreadLocalMap - -Dio.netty.threadLocalMap.stringBuilder.initialSize: 1024
23:20:24.228 [TestNG-tests-1] DEBUG io.netty.util.internal.InternalThreadLocalMap - -Dio.netty.threadLocalMap.stringBuilder.maxSize: 4096
23:20:24.269 [TestNG-tests-1] DEBUG io.netty.handler.ssl.JdkSslContext - Default protocols (JDK): [TLSv1.3, TLSv1.2, TLSv1.1, TLSv1] 
23:20:24.269 [TestNG-tests-1] DEBUG io.netty.handler.ssl.JdkSslContext - Default cipher suites (JDK): [TLS_ECDHE_ECDSA_WITH_AES_256_GCM_SHA384, TLS_ECDHE_ECDSA_WITH_AES_128_GCM_SHA256, TLS_ECDHE_RSA_WITH_AES_128_GCM_SHA256, TLS_ECDHE_RSA_WITH_AES_256_GCM_SHA384, TLS_ECDHE_RSA_WITH_AES_128_CBC_SHA, TLS_ECDHE_RSA_WITH_AES_256_CBC_SHA, TLS_RSA_WITH_AES_128_GCM_SHA256, TLS_RSA_WITH_AES_128_CBC_SHA, TLS_RSA_WITH_AES_256_CBC_SHA, TLS_AES_128_GCM_SHA256, TLS_AES_256_GCM_SHA384]
23:20:24.353 [TestNG-tests-1] DEBUG io.netty.channel.MultithreadEventLoopGroup - -Dio.netty.eventLoopThreads: 16
23:20:24.380 [TestNG-tests-1] DEBUG io.netty.channel.nio.NioEventLoop - -Dio.netty.noKeySetOptimization: false
23:20:24.380 [TestNG-tests-1] DEBUG io.netty.channel.nio.NioEventLoop - -Dio.netty.selectorAutoRebuildThreshold: 512
23:20:24.400 [TestNG-tests-1] TRACE io.netty.channel.nio.NioEventLoop - instrumented a special java.util.Set into: sun.nio.ch.WindowsSelectorImpl@2d428390
23:20:24.402 [TestNG-tests-1] TRACE io.netty.channel.nio.NioEventLoop - instrumented a special java.util.Set into: sun.nio.ch.WindowsSelectorImpl@4c3ff22d
23:20:24.404 [TestNG-tests-1] TRACE io.netty.channel.nio.NioEventLoop - instrumented a special java.util.Set into: sun.nio.ch.WindowsSelectorImpl@167af4f7
23:20:24.405 [TestNG-tests-1] TRACE io.netty.channel.nio.NioEventLoop - instrumented a special java.util.Set into: sun.nio.ch.WindowsSelectorImpl@548dd52d
23:20:24.406 [TestNG-tests-1] TRACE io.netty.channel.nio.NioEventLoop - instrumented a special java.util.Set into: sun.nio.ch.WindowsSelectorImpl@15b831fe
23:20:24.407 [TestNG-tests-1] TRACE io.netty.channel.nio.NioEventLoop - instrumented a special java.util.Set into: sun.nio.ch.WindowsSelectorImpl@26a507fe
23:20:24.408 [TestNG-tests-1] TRACE io.netty.channel.nio.NioEventLoop - instrumented a special java.util.Set into: sun.nio.ch.WindowsSelectorImpl@67398291
23:20:24.410 [TestNG-tests-1] TRACE io.netty.channel.nio.NioEventLoop - instrumented a special java.util.Set into: sun.nio.ch.WindowsSelectorImpl@5da707e6
23:20:24.411 [TestNG-tests-1] TRACE io.netty.channel.nio.NioEventLoop - instrumented a special java.util.Set into: sun.nio.ch.WindowsSelectorImpl@944fa6d
23:20:24.413 [TestNG-tests-1] TRACE io.netty.channel.nio.NioEventLoop - instrumented a special java.util.Set into: sun.nio.ch.WindowsSelectorImpl@750864c
23:20:24.415 [TestNG-tests-1] TRACE io.netty.channel.nio.NioEventLoop - instrumented a special java.util.Set into: sun.nio.ch.WindowsSelectorImpl@2c56a13d
23:20:24.416 [TestNG-tests-1] TRACE io.netty.channel.nio.NioEventLoop - instrumented a special java.util.Set into: sun.nio.ch.WindowsSelectorImpl@49ab0b66
23:20:24.417 [TestNG-tests-1] TRACE io.netty.channel.nio.NioEventLoop - instrumented a special java.util.Set into: sun.nio.ch.WindowsSelectorImpl@679207ac
23:20:24.420 [TestNG-tests-1] TRACE io.netty.channel.nio.NioEventLoop - instrumented a special java.util.Set into: sun.nio.ch.WindowsSelectorImpl@64739ff4
23:20:24.421 [TestNG-tests-1] TRACE io.netty.channel.nio.NioEventLoop - instrumented a special java.util.Set into: sun.nio.ch.WindowsSelectorImpl@7db5850e
23:20:24.423 [TestNG-tests-1] TRACE io.netty.channel.nio.NioEventLoop - instrumented a special java.util.Set into: sun.nio.ch.WindowsSelectorImpl@6c5451e5
23:20:24.496 [TestNG-tests-1] DEBUG io.netty.buffer.PooledByteBufAllocator - -Dio.netty.allocator.numHeapArenas: 16
23:20:24.497 [TestNG-tests-1] DEBUG io.netty.buffer.PooledByteBufAllocator - -Dio.netty.allocator.numDirectArenas: 16
23:20:24.497 [TestNG-tests-1] DEBUG io.netty.buffer.PooledByteBufAllocator - -Dio.netty.allocator.pageSize: 8192
23:20:24.497 [TestNG-tests-1] DEBUG io.netty.buffer.PooledByteBufAllocator - -Dio.netty.allocator.maxOrder: 11
23:20:24.497 [TestNG-tests-1] DEBUG io.netty.buffer.PooledByteBufAllocator - -Dio.netty.allocator.chunkSize: 16777216
23:20:24.497 [TestNG-tests-1] DEBUG io.netty.buffer.PooledByteBufAllocator - -Dio.netty.allocator.smallCacheSize: 256
23:20:24.498 [TestNG-tests-1] DEBUG io.netty.buffer.PooledByteBufAllocator - -Dio.netty.allocator.normalCacheSize: 64
23:20:24.498 [TestNG-tests-1] DEBUG io.netty.buffer.PooledByteBufAllocator - -Dio.netty.allocator.maxCachedBufferCapacity: 32768
23:20:24.498 [TestNG-tests-1] DEBUG io.netty.buffer.PooledByteBufAllocator - -Dio.netty.allocator.cacheTrimInterval: 8192
23:20:24.498 [TestNG-tests-1] DEBUG io.netty.buffer.PooledByteBufAllocator - -Dio.netty.allocator.cacheTrimIntervalMillis: 0
23:20:24.498 [TestNG-tests-1] DEBUG io.netty.buffer.PooledByteBufAllocator - -Dio.netty.allocator.useCacheForAllThreads: true
23:20:24.499 [TestNG-tests-1] DEBUG io.netty.buffer.PooledByteBufAllocator - -Dio.netty.allocator.maxCachedByteBuffersPerChunk: 1023
23:20:24.555 [TestNG-tests-1] DEBUG io.netty.buffer.ByteBufUtil - -Dio.netty.allocator.type: pooled
23:20:24.555 [TestNG-tests-1] DEBUG io.netty.buffer.ByteBufUtil - -Dio.netty.threadLocalDirectBufferSize: 0
23:20:24.555 [TestNG-tests-1] DEBUG io.netty.buffer.ByteBufUtil - -Dio.netty.maxThreadLocalCharBufferSize: 16384
23:20:25.847 [Forwarding newSession on session null to remote] DEBUG io.netty.channel.DefaultChannelId - -Dio.netty.processId: 22648 (auto-detected)
23:20:25.856 [Forwarding newSession on session null to remote] DEBUG io.netty.util.NetUtil - -Djava.net.preferIPv4Stack: false
23:20:25.857 [Forwarding newSession on session null to remote] DEBUG io.netty.util.NetUtil - -Djava.net.preferIPv6Addresses: false
23:20:25.875 [Forwarding newSession on session null to remote] DEBUG io.netty.util.NetUtilInitializations - Loopback interface: lo (Software Loopback Interface 1, 127.0.0.1)
23:20:25.878 [Forwarding newSession on session null to remote] DEBUG io.netty.util.NetUtil - Failed to get SOMAXCONN from sysctl and file \proc\sys\net\core\somaxconn. Default: 200
23:20:25.938 [Forwarding newSession on session null to remote] DEBUG io.netty.channel.DefaultChannelId - -Dio.netty.machineId: 38:de:ad:ff:fe:a2:5c:06 (auto-detected)
23:20:26.088 [AsyncHttpClient-1-2] DEBUG io.netty.buffer.AbstractByteBuf - -Dio.netty.buffer.checkAccessible: true
23:20:26.089 [AsyncHttpClient-1-2] DEBUG io.netty.buffer.AbstractByteBuf - -Dio.netty.buffer.checkBounds: true
23:20:26.089 [AsyncHttpClient-1-2] DEBUG io.netty.util.ResourceLeakDetectorFactory - Loaded default ResourceLeakDetector: io.netty.util.ResourceLeakDetector@5e57f598
23:20:26.143 [AsyncHttpClient-1-2] DEBUG io.netty.util.Recycler - -Dio.netty.recycler.maxCapacityPerThread: 4096
23:20:26.143 [AsyncHttpClient-1-2] DEBUG io.netty.util.Recycler - -Dio.netty.recycler.maxSharedCapacityFactor: 2
23:20:26.143 [AsyncHttpClient-1-2] DEBUG io.netty.util.Recycler - -Dio.netty.recycler.linkCapacity: 16
23:20:26.143 [AsyncHttpClient-1-2] DEBUG io.netty.util.Recycler - -Dio.netty.recycler.ratio: 8
23:20:26.143 [AsyncHttpClient-1-2] DEBUG io.netty.util.Recycler - -Dio.netty.recycler.delayedQueue.ratio: 8
23:20:27.265 [TestNG-tests-1] DEBUG io.netty.util.internal.ThreadLocalRandom - -Dio.netty.initialSeedUniquifier: 0x914c9262f5d271bf
23:20:27.395 [TestNG-tests-1] INFO  testCases.TC_001_AccountRegistration - Launched Chrome Browser
23:20:28.280 [TestNG-tests-2] INFO  testCases.TC_001_AccountRegistration - Launched Edge Browser
23:20:29.552 [TestNG-tests-1] INFO  testCases.TC_001_AccountRegistration - HomePage Displayed
23:20:29.753 [TestNG-tests-1] INFO  testCases.TC_001_AccountRegistration - Clicked on Title
23:20:30.007 [TestNG-tests-2] INFO  testCases.TC_001_AccountRegistration - HomePage Displayed
23:20:30.097 [TestNG-tests-2] INFO  testCases.TC_001_AccountRegistration - Clicked on Title
23:20:30.862 [TestNG-tests-1] INFO  testCases.TC_001_AccountRegistration - Clicked on Register
23:20:30.867 [TestNG-tests-1] INFO  testCases.TC_001_AccountRegistration - personal details
23:20:30.917 [TestNG-tests-2] INFO  testCases.TC_001_AccountRegistration - Clicked on Register
23:20:30.921 [TestNG-tests-2] INFO  testCases.TC_001_AccountRegistration - personal details
23:20:33.179 [TestNG-tests-1] INFO  testCases.TC_001_AccountRegistration - Accout Registation Success
23:20:42.667 [TestNG-tests-2] INFO  testCases.TC_001_AccountRegistration - Accout Registation Fail
